[debug] [2026-02-10T19:22:32.448Z] ----------------------------------------------------------------------
[debug] [2026-02-10T19:22:32.449Z] Command:       /usr/local/bin/node /Users/felipegomez/Antigravity Works /GestorMiembros/dashboard/node_modules/.bin/firebase apphosting:backends:create --project full-techno-channels
[debug] [2026-02-10T19:22:32.449Z] CLI Version:   15.5.1
[debug] [2026-02-10T19:22:32.449Z] Platform:      darwin
[debug] [2026-02-10T19:22:32.449Z] Node Version:  v24.13.0
[debug] [2026-02-10T19:22:32.449Z] Time:          Tue Feb 10 2026 14:22:32 GMT-0500 (Eastern Standard Time)
[debug] [2026-02-10T19:22:32.449Z] ----------------------------------------------------------------------
[debug] 
[debug] [2026-02-10T19:22:32.526Z] > command requires scopes: ["email","openid","https://www.googleapis.com/auth/cloudplatformprojects.readonly","https://www.googleapis.com/auth/firebase","https://www.googleapis.com/auth/cloud-platform"]
[debug] [2026-02-10T19:22:32.526Z] > authorizing via signed-in user (fulltecnocol@gmail.com)
[debug] [2026-02-10T19:22:32.527Z] Checked if tokens are valid: true, expires at: 1770754391956
[debug] [2026-02-10T19:22:32.527Z] Checked if tokens are valid: true, expires at: 1770754391956
[debug] [2026-02-10T19:22:32.527Z] >>> [apiv2][query] GET https://serviceusage.googleapis.com/v1/projects/full-techno-channels/services/firebaseapphosting.googleapis.com [none]
[debug] [2026-02-10T19:22:32.527Z] >>> [apiv2][(partial)header] GET https://serviceusage.googleapis.com/v1/projects/full-techno-channels/services/firebaseapphosting.googleapis.com  x-goog-user-project=full-techno-channels
[debug] [2026-02-10T19:22:33.014Z] <<< [apiv2][status] GET https://serviceusage.googleapis.com/v1/projects/full-techno-channels/services/firebaseapphosting.googleapis.com 200
[debug] [2026-02-10T19:22:33.015Z] <<< [apiv2][body] GET https://serviceusage.googleapis.com/v1/projects/full-techno-channels/services/firebaseapphosting.googleapis.com [omitted]
[debug] [2026-02-10T19:22:33.015Z] Checked if tokens are valid: true, expires at: 1770754391956
[debug] [2026-02-10T19:22:33.015Z] Checked if tokens are valid: true, expires at: 1770754391956
[debug] [2026-02-10T19:22:33.015Z] >>> [apiv2][query] POST https://serviceusage.googleapis.com/v1/projects/full-techno-channels/services/firebaseapphosting.googleapis.com:enable [none]
[debug] [2026-02-10T19:22:33.015Z] >>> [apiv2][(partial)header] POST https://serviceusage.googleapis.com/v1/projects/full-techno-channels/services/firebaseapphosting.googleapis.com:enable  x-goog-user-project=full-techno-channels
[debug] [2026-02-10T19:22:33.713Z] <<< [apiv2][status] POST https://serviceusage.googleapis.com/v1/projects/full-techno-channels/services/firebaseapphosting.googleapis.com:enable 200
[debug] [2026-02-10T19:22:33.713Z] <<< [apiv2][body] POST https://serviceusage.googleapis.com/v1/projects/full-techno-channels/services/firebaseapphosting.googleapis.com:enable [omitted]
[debug] [2026-02-10T19:22:43.726Z] Checked if tokens are valid: true, expires at: 1770754391956
[debug] [2026-02-10T19:22:43.726Z] Checked if tokens are valid: true, expires at: 1770754391956
[debug] [2026-02-10T19:22:43.726Z] >>> [apiv2][query] GET https://mobilesdk-pa.googleapis.com/v1/accessmanagement/tos:getStatus [none]
[debug] [2026-02-10T19:22:43.946Z] <<< [apiv2][status] GET https://mobilesdk-pa.googleapis.com/v1/accessmanagement/tos:getStatus 200
[debug] [2026-02-10T19:22:43.946Z] <<< [apiv2][body] GET https://mobilesdk-pa.googleapis.com/v1/accessmanagement/tos:getStatus {"overallStatus":"ACCEPTED","uTosStatus":{"tos":{"id":"firebase","tosId":"FIREBASE_UNIVERSAL"},"status":"ACCEPTED","acceptedVersion":7},"childTosStatus":[{"tos":{"id":"cloud","tosId":"CLOUD_PLATFORM"},"status":"ACCEPTED","acceptedVersion":39},{"tos":{"id":"firebase_b2b","tosId":"FIREBASE_B2B"},"status":"ACCEPTED","acceptedVersion":1},{"tos":{"id":"universal","tosId":"GOOGLE_APIS"},"status":"ACCEPTED","acceptedVersion":6}],"termsUrl":"https://firebase.google.com/terms","perServiceStatus":[{"tosId":"APP_CHECK","serviceStatus":{"tos":{"id":"app_check","tosId":"APP_CHECK"},"status":"ACCEPTED","acceptedVersion":3}},{"tosId":"APP_HOSTING_TOS","serviceStatus":{"tos":{"id":"app_hosting","tosId":"APP_HOSTING_TOS"},"status":"ACCEPTED","acceptedVersion":3}},{"tosId":"FIREBASE_DATA_CONNECT","serviceStatus":{"tos":{"id":"data_connect","tosId":"FIREBASE_DATA_CONNECT"},"status":"ACCEPTED","acceptedVersion":3}},{"tosId":"CORE_APPS","serviceStatus":{"tos":{"id":"core_apps","tosId":"CORE_APPS"},"status":"ACCEPTED","acceptedVersion":1}},{"tosId":"VERTEX_AI_IN_FIREBASE","serviceStatus":{"tos":{"id":"vertex_ai_in_firebase","tosId":"VERTEX_AI_IN_FIREBASE"},"status":"ACCEPTED","acceptedVersion":2}},{"tosId":"FIREBASE_CRASHLYTICS_APP_DISTRIBUTION","serviceStatus":{"tos":{"id":"firebase_crashlytics_app_distribution","tosId":"FIREBASE_CRASHLYTICS_APP_DISTRIBUTION"},"status":"ACCEPTED","acceptedVersion":4}},{"tosId":"GENERATIVE_LANGUAGE","serviceStatus":{"tos":{"id":"generative-language-api","tosId":"GENERATIVE_LANGUAGE"},"status":"ACCEPTED","acceptedVersion":3}}]}
[debug] [2026-02-10T19:22:43.947Z] Checked if tokens are valid: true, expires at: 1770754391956
[debug] [2026-02-10T19:22:43.947Z] Checked if tokens are valid: true, expires at: 1770754391956
[debug] [2026-02-10T19:22:43.948Z] Checked if tokens are valid: true, expires at: 1770754391956
[debug] [2026-02-10T19:22:43.948Z] Checked if tokens are valid: true, expires at: 1770754391956
[debug] [2026-02-10T19:22:43.948Z] Checked if tokens are valid: true, expires at: 1770754391956
[debug] [2026-02-10T19:22:43.948Z] Checked if tokens are valid: true, expires at: 1770754391956
[debug] [2026-02-10T19:22:43.948Z] Checked if tokens are valid: true, expires at: 1770754391956
[debug] [2026-02-10T19:22:43.948Z] Checked if tokens are valid: true, expires at: 1770754391956
[debug] [2026-02-10T19:22:43.948Z] Checked if tokens are valid: true, expires at: 1770754391956
[debug] [2026-02-10T19:22:43.948Z] Checked if tokens are valid: true, expires at: 1770754391956
[debug] [2026-02-10T19:22:43.948Z] Checked if tokens are valid: true, expires at: 1770754391956
[debug] [2026-02-10T19:22:43.948Z] Checked if tokens are valid: true, expires at: 1770754391956
[debug] [2026-02-10T19:22:43.948Z] >>> [apiv2][query] GET https://serviceusage.googleapis.com/v1/projects/full-techno-channels/services/developerconnect.googleapis.com [none]
[debug] [2026-02-10T19:22:43.948Z] >>> [apiv2][(partial)header] GET https://serviceusage.googleapis.com/v1/projects/full-techno-channels/services/developerconnect.googleapis.com  x-goog-user-project=full-techno-channels
[debug] [2026-02-10T19:22:43.950Z] >>> [apiv2][query] GET https://serviceusage.googleapis.com/v1/projects/full-techno-channels/services/cloudbuild.googleapis.com [none]
[debug] [2026-02-10T19:22:43.950Z] >>> [apiv2][(partial)header] GET https://serviceusage.googleapis.com/v1/projects/full-techno-channels/services/cloudbuild.googleapis.com  x-goog-user-project=full-techno-channels
[debug] [2026-02-10T19:22:43.952Z] >>> [apiv2][query] GET https://serviceusage.googleapis.com/v1/projects/full-techno-channels/services/secretmanager.googleapis.com [none]
[debug] [2026-02-10T19:22:43.952Z] >>> [apiv2][(partial)header] GET https://serviceusage.googleapis.com/v1/projects/full-techno-channels/services/secretmanager.googleapis.com  x-goog-user-project=full-techno-channels
[debug] [2026-02-10T19:22:43.953Z] >>> [apiv2][query] GET https://serviceusage.googleapis.com/v1/projects/full-techno-channels/services/run.googleapis.com [none]
[debug] [2026-02-10T19:22:43.953Z] >>> [apiv2][(partial)header] GET https://serviceusage.googleapis.com/v1/projects/full-techno-channels/services/run.googleapis.com  x-goog-user-project=full-techno-channels
[debug] [2026-02-10T19:22:43.954Z] >>> [apiv2][query] GET https://serviceusage.googleapis.com/v1/projects/full-techno-channels/services/artifactregistry.googleapis.com [none]
[debug] [2026-02-10T19:22:43.954Z] >>> [apiv2][(partial)header] GET https://serviceusage.googleapis.com/v1/projects/full-techno-channels/services/artifactregistry.googleapis.com  x-goog-user-project=full-techno-channels
[debug] [2026-02-10T19:22:43.955Z] >>> [apiv2][query] GET https://serviceusage.googleapis.com/v1/projects/full-techno-channels/services/iam.googleapis.com [none]
[debug] [2026-02-10T19:22:43.955Z] >>> [apiv2][(partial)header] GET https://serviceusage.googleapis.com/v1/projects/full-techno-channels/services/iam.googleapis.com  x-goog-user-project=full-techno-channels
[debug] [2026-02-10T19:22:44.342Z] <<< [apiv2][status] GET https://serviceusage.googleapis.com/v1/projects/full-techno-channels/services/artifactregistry.googleapis.com 200
[debug] [2026-02-10T19:22:44.343Z] <<< [apiv2][body] GET https://serviceusage.googleapis.com/v1/projects/full-techno-channels/services/artifactregistry.googleapis.com [omitted]
[debug] [2026-02-10T19:22:44.354Z] <<< [apiv2][status] GET https://serviceusage.googleapis.com/v1/projects/full-techno-channels/services/secretmanager.googleapis.com 200
[debug] [2026-02-10T19:22:44.354Z] <<< [apiv2][body] GET https://serviceusage.googleapis.com/v1/projects/full-techno-channels/services/secretmanager.googleapis.com [omitted]
[debug] [2026-02-10T19:22:44.361Z] <<< [apiv2][status] GET https://serviceusage.googleapis.com/v1/projects/full-techno-channels/services/cloudbuild.googleapis.com 200
[debug] [2026-02-10T19:22:44.361Z] <<< [apiv2][body] GET https://serviceusage.googleapis.com/v1/projects/full-techno-channels/services/cloudbuild.googleapis.com [omitted]
[debug] [2026-02-10T19:22:44.366Z] <<< [apiv2][status] GET https://serviceusage.googleapis.com/v1/projects/full-techno-channels/services/developerconnect.googleapis.com 200
[debug] [2026-02-10T19:22:44.366Z] <<< [apiv2][body] GET https://serviceusage.googleapis.com/v1/projects/full-techno-channels/services/developerconnect.googleapis.com [omitted]
[debug] [2026-02-10T19:22:44.367Z] Checked if tokens are valid: true, expires at: 1770754391956
[debug] [2026-02-10T19:22:44.367Z] Checked if tokens are valid: true, expires at: 1770754391956
[debug] [2026-02-10T19:22:44.367Z] >>> [apiv2][query] POST https://serviceusage.googleapis.com/v1/projects/full-techno-channels/services/developerconnect.googleapis.com:enable [none]
[debug] [2026-02-10T19:22:44.367Z] >>> [apiv2][(partial)header] POST https://serviceusage.googleapis.com/v1/projects/full-techno-channels/services/developerconnect.googleapis.com:enable  x-goog-user-project=full-techno-channels
[debug] [2026-02-10T19:22:44.367Z] <<< [apiv2][status] GET https://serviceusage.googleapis.com/v1/projects/full-techno-channels/services/run.googleapis.com 200
[debug] [2026-02-10T19:22:44.367Z] <<< [apiv2][body] GET https://serviceusage.googleapis.com/v1/projects/full-techno-channels/services/run.googleapis.com [omitted]
[debug] [2026-02-10T19:22:44.436Z] <<< [apiv2][status] GET https://serviceusage.googleapis.com/v1/projects/full-techno-channels/services/iam.googleapis.com 200
[debug] [2026-02-10T19:22:44.436Z] <<< [apiv2][body] GET https://serviceusage.googleapis.com/v1/projects/full-techno-channels/services/iam.googleapis.com [omitted]
[debug] [2026-02-10T19:22:45.028Z] <<< [apiv2][status] POST https://serviceusage.googleapis.com/v1/projects/full-techno-channels/services/developerconnect.googleapis.com:enable 200
[debug] [2026-02-10T19:22:45.029Z] <<< [apiv2][body] POST https://serviceusage.googleapis.com/v1/projects/full-techno-channels/services/developerconnect.googleapis.com:enable [omitted]
[debug] [2026-02-10T19:22:55.039Z] Checked if tokens are valid: true, expires at: 1770754391956
[debug] [2026-02-10T19:22:55.039Z] Checked if tokens are valid: true, expires at: 1770754391956
[debug] [2026-02-10T19:22:55.040Z] >>> [apiv2][query] POST https://iam.googleapis.com/v1/projects/full-techno-channels/serviceAccounts/firebase-app-hosting-compute@full-techno-channels.iam.gserviceaccount.com:testIamPermissions [none]
[debug] [2026-02-10T19:22:55.040Z] >>> [apiv2][(partial)header] POST https://iam.googleapis.com/v1/projects/full-techno-channels/serviceAccounts/firebase-app-hosting-compute@full-techno-channels.iam.gserviceaccount.com:testIamPermissions  x-goog-user-project=full-techno-channels
[debug] [2026-02-10T19:22:55.040Z] >>> [apiv2][body] POST https://iam.googleapis.com/v1/projects/full-techno-channels/serviceAccounts/firebase-app-hosting-compute@full-techno-channels.iam.gserviceaccount.com:testIamPermissions {"permissions":["iam.serviceAccounts.actAs"]}
[debug] [2026-02-10T19:22:55.397Z] <<< [apiv2][status] POST https://iam.googleapis.com/v1/projects/full-techno-channels/serviceAccounts/firebase-app-hosting-compute@full-techno-channels.iam.gserviceaccount.com:testIamPermissions 404
[debug] [2026-02-10T19:22:55.397Z] <<< [apiv2][body] POST https://iam.googleapis.com/v1/projects/full-techno-channels/serviceAccounts/firebase-app-hosting-compute@full-techno-channels.iam.gserviceaccount.com:testIamPermissions {"error":{"code":404,"message":"Unknown service account","status":"NOT_FOUND"}}
[debug] [2026-02-10T19:22:55.399Z] Checked if tokens are valid: true, expires at: 1770754391956
[debug] [2026-02-10T19:22:55.399Z] Checked if tokens are valid: true, expires at: 1770754391956
[debug] [2026-02-10T19:22:55.399Z] >>> [apiv2][query] POST https://iam.googleapis.com/v1/projects/full-techno-channels/serviceAccounts [none]
[debug] [2026-02-10T19:22:55.399Z] >>> [apiv2][body] POST https://iam.googleapis.com/v1/projects/full-techno-channels/serviceAccounts {"accountId":"firebase-app-hosting-compute","serviceAccount":{"displayName":"Firebase App Hosting compute service account","description":"Default service account used to run builds and deploys for Firebase App Hosting"}}
[debug] [2026-02-10T19:22:55.824Z] <<< [apiv2][status] POST https://iam.googleapis.com/v1/projects/full-techno-channels/serviceAccounts 200
[debug] [2026-02-10T19:22:55.824Z] <<< [apiv2][body] POST https://iam.googleapis.com/v1/projects/full-techno-channels/serviceAccounts [omitted]
[debug] [2026-02-10T19:22:55.825Z] Checked if tokens are valid: true, expires at: 1770754391956
[debug] [2026-02-10T19:22:55.825Z] Checked if tokens are valid: true, expires at: 1770754391956
[debug] [2026-02-10T19:22:55.825Z] >>> [apiv2][query] POST https://cloudresourcemanager.googleapis.com/v1/projects/full-techno-channels:getIamPolicy [none]
[debug] [2026-02-10T19:22:56.141Z] <<< [apiv2][status] POST https://cloudresourcemanager.googleapis.com/v1/projects/full-techno-channels:getIamPolicy 200
[debug] [2026-02-10T19:22:56.141Z] <<< [apiv2][body] POST https://cloudresourcemanager.googleapis.com/v1/projects/full-techno-channels:getIamPolicy {"version":1,"etag":"BwZKfS3rgNE=","bindings":[{"role":"roles/cloudbuild.builds.builder","members":["serviceAccount:1054327025113@cloudbuild.gserviceaccount.com"]},{"role":"roles/cloudbuild.serviceAgent","members":["serviceAccount:service-1054327025113@gcp-sa-cloudbuild.iam.gserviceaccount.com"]},{"role":"roles/containerregistry.ServiceAgent","members":["serviceAccount:service-1054327025113@containerregistry.iam.gserviceaccount.com"]},{"role":"roles/editor","members":["serviceAccount:1054327025113-compute@developer.gserviceaccount.com"]},{"role":"roles/firebase.managementServiceAgent","members":["serviceAccount:service-1054327025113@gcp-sa-firebase.iam.gserviceaccount.com"]},{"role":"roles/firebase.sdkAdminServiceAgent","members":["serviceAccount:firebase-adminsdk-fbsvc@full-techno-channels.iam.gserviceaccount.com"]},{"role":"roles/iam.serviceAccountTokenCreator","members":["serviceAccount:firebase-adminsdk-fbsvc@full-techno-channels.iam.gserviceaccount.com"]},{"role":"roles/owner","members":["user:fulltecnocol@gmail.com"]},{"role":"roles/run.serviceAgent","members":["serviceAccount:service-1054327025113@serverless-robot-prod.iam.gserviceaccount.com"]}]}
[debug] [2026-02-10T19:22:56.141Z] Checked if tokens are valid: true, expires at: 1770754391956
[debug] [2026-02-10T19:22:56.141Z] Checked if tokens are valid: true, expires at: 1770754391956
[debug] [2026-02-10T19:22:56.141Z] >>> [apiv2][query] POST https://cloudresourcemanager.googleapis.com/v1/projects/full-techno-channels:setIamPolicy [none]
[debug] [2026-02-10T19:22:56.141Z] >>> [apiv2][body] POST https://cloudresourcemanager.googleapis.com/v1/projects/full-techno-channels:setIamPolicy {"policy":{"version":1,"etag":"BwZKfS3rgNE=","bindings":[{"role":"roles/cloudbuild.builds.builder","members":["serviceAccount:1054327025113@cloudbuild.gserviceaccount.com"]},{"role":"roles/cloudbuild.serviceAgent","members":["serviceAccount:service-1054327025113@gcp-sa-cloudbuild.iam.gserviceaccount.com"]},{"role":"roles/containerregistry.ServiceAgent","members":["serviceAccount:service-1054327025113@containerregistry.iam.gserviceaccount.com"]},{"role":"roles/editor","members":["serviceAccount:1054327025113-compute@developer.gserviceaccount.com"]},{"role":"roles/firebase.managementServiceAgent","members":["serviceAccount:service-1054327025113@gcp-sa-firebase.iam.gserviceaccount.com"]},{"role":"roles/firebase.sdkAdminServiceAgent","members":["serviceAccount:firebase-adminsdk-fbsvc@full-techno-channels.iam.gserviceaccount.com","serviceAccount:firebase-app-hosting-compute@full-techno-channels.iam.gserviceaccount.com"]},{"role":"roles/iam.serviceAccountTokenCreator","members":["serviceAccount:firebase-adminsdk-fbsvc@full-techno-channels.iam.gserviceaccount.com"]},{"role":"roles/owner","members":["user:fulltecnocol@gmail.com"]},{"role":"roles/run.serviceAgent","members":["serviceAccount:service-1054327025113@serverless-robot-prod.iam.gserviceaccount.com"]},{"role":"roles/firebaseapphosting.computeRunner","members":["serviceAccount:firebase-app-hosting-compute@full-techno-channels.iam.gserviceaccount.com"]},{"role":"roles/developerconnect.readTokenAccessor","members":["serviceAccount:firebase-app-hosting-compute@full-techno-channels.iam.gserviceaccount.com"]},{"role":"roles/storage.objectViewer","members":["serviceAccount:firebase-app-hosting-compute@full-techno-channels.iam.gserviceaccount.com"]}]},"updateMask":"bindings"}
[debug] [2026-02-10T19:22:56.826Z] <<< [apiv2][status] POST https://cloudresourcemanager.googleapis.com/v1/projects/full-techno-channels:setIamPolicy 200
[debug] [2026-02-10T19:22:56.826Z] <<< [apiv2][body] POST https://cloudresourcemanager.googleapis.com/v1/projects/full-techno-channels:setIamPolicy {"version":1,"etag":"BwZKfS7McCs=","bindings":[{"role":"roles/cloudbuild.builds.builder","members":["serviceAccount:1054327025113@cloudbuild.gserviceaccount.com"]},{"role":"roles/cloudbuild.serviceAgent","members":["serviceAccount:service-1054327025113@gcp-sa-cloudbuild.iam.gserviceaccount.com"]},{"role":"roles/containerregistry.ServiceAgent","members":["serviceAccount:service-1054327025113@containerregistry.iam.gserviceaccount.com"]},{"role":"roles/developerconnect.readTokenAccessor","members":["serviceAccount:firebase-app-hosting-compute@full-techno-channels.iam.gserviceaccount.com"]},{"role":"roles/editor","members":["serviceAccount:1054327025113-compute@developer.gserviceaccount.com"]},{"role":"roles/firebase.managementServiceAgent","members":["serviceAccount:service-1054327025113@gcp-sa-firebase.iam.gserviceaccount.com"]},{"role":"roles/firebase.sdkAdminServiceAgent","members":["serviceAccount:firebase-adminsdk-fbsvc@full-techno-channels.iam.gserviceaccount.com","serviceAccount:firebase-app-hosting-compute@full-techno-channels.iam.gserviceaccount.com"]},{"role":"roles/firebaseapphosting.computeRunner","members":["serviceAccount:firebase-app-hosting-compute@full-techno-channels.iam.gserviceaccount.com"]},{"role":"roles/iam.serviceAccountTokenCreator","members":["serviceAccount:firebase-adminsdk-fbsvc@full-techno-channels.iam.gserviceaccount.com"]},{"role":"roles/owner","members":["user:fulltecnocol@gmail.com"]},{"role":"roles/run.serviceAgent","members":["serviceAccount:service-1054327025113@serverless-robot-prod.iam.gserviceaccount.com"]},{"role":"roles/storage.objectViewer","members":["serviceAccount:firebase-app-hosting-compute@full-techno-channels.iam.gserviceaccount.com"]}]}
[debug] [2026-02-10T19:22:56.827Z] Checked if tokens are valid: true, expires at: 1770754391956
[debug] [2026-02-10T19:22:56.827Z] Checked if tokens are valid: true, expires at: 1770754391956
[debug] [2026-02-10T19:22:56.827Z] >>> [apiv2][query] GET https://firebaseapphosting.googleapis.com/v1beta/projects/full-techno-channels/locations 
[debug] [2026-02-10T19:22:57.081Z] <<< [apiv2][status] GET https://firebaseapphosting.googleapis.com/v1beta/projects/full-techno-channels/locations 200
[debug] [2026-02-10T19:22:57.081Z] <<< [apiv2][body] GET https://firebaseapphosting.googleapis.com/v1beta/projects/full-techno-channels/locations {"locations":[{"name":"projects/full-techno-channels/locations/asia-east1","locationId":"asia-east1","displayName":"Taiwan"},{"name":"projects/full-techno-channels/locations/asia-southeast1","locationId":"asia-southeast1","displayName":"Singapore"},{"name":"projects/full-techno-channels/locations/europe-west4","locationId":"europe-west4","displayName":"Netherlands"},{"name":"projects/full-techno-channels/locations/us-central1","locationId":"us-central1","displayName":"Iowa"},{"name":"projects/full-techno-channels/locations/us-east4","locationId":"us-east4","displayName":"Northern Virginia"},{"name":"projects/full-techno-channels/locations/us-east5","locationId":"us-east5","displayName":"Columbus"}]}
[info] ✔  Location set to us-central1.
 
[info] i  === Set up your backend 
[debug] [2026-02-10T19:23:36.454Z] Checked if tokens are valid: true, expires at: 1770754391956
[debug] [2026-02-10T19:23:36.455Z] Checked if tokens are valid: true, expires at: 1770754391956
[debug] [2026-02-10T19:23:36.455Z] >>> [apiv2][query] GET https://firebaseapphosting.googleapis.com/v1beta/projects/full-techno-channels/locations/us-central1/backends/FullTechnoChannels [none]
[debug] [2026-02-10T19:23:36.797Z] <<< [apiv2][status] GET https://firebaseapphosting.googleapis.com/v1beta/projects/full-techno-channels/locations/us-central1/backends/FullTechnoChannels 404
[debug] [2026-02-10T19:23:36.797Z] <<< [apiv2][body] GET https://firebaseapphosting.googleapis.com/v1beta/projects/full-techno-channels/locations/us-central1/backends/FullTechnoChannels {"error":{"code":404,"message":"Resource 'projects/full-techno-channels/locations/us-central1/backends/FullTechnoChannels' was not found","status":"NOT_FOUND","details":[{"@type":"type.googleapis.com/google.rpc.ResourceInfo","resourceName":"projects/full-techno-channels/locations/us-central1/backends/FullTechnoChannels"}]}}
[info] ✔  Name set to FullTechnoChannels
 
[info] i  === Import a GitHub repository 
[debug] [2026-02-10T19:23:48.749Z] Checked if tokens are valid: true, expires at: 1770754391956
[debug] [2026-02-10T19:23:48.749Z] Checked if tokens are valid: true, expires at: 1770754391956
[debug] [2026-02-10T19:23:48.749Z] >>> [apiv2][query] GET https://developerconnect.googleapis.com/v1/projects/full-techno-channels/locations/us-central1/connections pageSize=1000&pageToken=
[debug] [2026-02-10T19:23:49.104Z] <<< [apiv2][status] GET https://developerconnect.googleapis.com/v1/projects/full-techno-channels/locations/us-central1/connections 200
[debug] [2026-02-10T19:23:49.105Z] <<< [apiv2][body] GET https://developerconnect.googleapis.com/v1/projects/full-techno-channels/locations/us-central1/connections {}
[debug] [2026-02-10T19:23:49.106Z] Checked if tokens are valid: true, expires at: 1770754391956
[debug] [2026-02-10T19:23:49.107Z] Checked if tokens are valid: true, expires at: 1770754391956
[debug] [2026-02-10T19:23:49.107Z] >>> [apiv2][query] GET https://serviceusage.googleapis.com/v1/projects/full-techno-channels/services/cloudresourcemanager.googleapis.com [none]
[debug] [2026-02-10T19:23:49.107Z] >>> [apiv2][(partial)header] GET https://serviceusage.googleapis.com/v1/projects/full-techno-channels/services/cloudresourcemanager.googleapis.com  x-goog-user-project=full-techno-channels
[debug] [2026-02-10T19:23:49.557Z] <<< [apiv2][status] GET https://serviceusage.googleapis.com/v1/projects/full-techno-channels/services/cloudresourcemanager.googleapis.com 200
[debug] [2026-02-10T19:23:49.558Z] <<< [apiv2][body] GET https://serviceusage.googleapis.com/v1/projects/full-techno-channels/services/cloudresourcemanager.googleapis.com [omitted]
[debug] [2026-02-10T19:23:49.566Z] Checked if tokens are valid: true, expires at: 1770754391956
[debug] [2026-02-10T19:23:49.566Z] Checked if tokens are valid: true, expires at: 1770754391956
[debug] [2026-02-10T19:23:49.566Z] >>> [apiv2][query] GET https://cloudresourcemanager.googleapis.com/v1/projects/full-techno-channels [none]
[debug] [2026-02-10T19:23:49.822Z] <<< [apiv2][status] GET https://cloudresourcemanager.googleapis.com/v1/projects/full-techno-channels 200
[debug] [2026-02-10T19:23:49.822Z] <<< [apiv2][body] GET https://cloudresourcemanager.googleapis.com/v1/projects/full-techno-channels {"projectNumber":"1054327025113","projectId":"full-techno-channels","lifecycleState":"ACTIVE","name":"Full Techno Channels","labels":{"firebase":"enabled","firebase-core":"disabled"},"createTime":"2026-02-10T18:57:39.101764Z"}
[debug] [2026-02-10T19:23:49.823Z] Checked if tokens are valid: true, expires at: 1770754391956
[debug] [2026-02-10T19:23:49.823Z] Checked if tokens are valid: true, expires at: 1770754391956
[debug] [2026-02-10T19:23:49.823Z] >>> [apiv2][query] POST https://cloudresourcemanager.googleapis.com/v1/projects/full-techno-channels:getIamPolicy [none]
[debug] [2026-02-10T19:23:49.949Z] <<< [apiv2][status] POST https://cloudresourcemanager.googleapis.com/v1/projects/full-techno-channels:getIamPolicy 200
[debug] [2026-02-10T19:23:49.949Z] <<< [apiv2][body] POST https://cloudresourcemanager.googleapis.com/v1/projects/full-techno-channels:getIamPolicy {"version":1,"etag":"BwZKfS7McCs=","bindings":[{"role":"roles/cloudbuild.builds.builder","members":["serviceAccount:1054327025113@cloudbuild.gserviceaccount.com"]},{"role":"roles/cloudbuild.serviceAgent","members":["serviceAccount:service-1054327025113@gcp-sa-cloudbuild.iam.gserviceaccount.com"]},{"role":"roles/containerregistry.ServiceAgent","members":["serviceAccount:service-1054327025113@containerregistry.iam.gserviceaccount.com"]},{"role":"roles/developerconnect.readTokenAccessor","members":["serviceAccount:firebase-app-hosting-compute@full-techno-channels.iam.gserviceaccount.com"]},{"role":"roles/editor","members":["serviceAccount:1054327025113-compute@developer.gserviceaccount.com"]},{"role":"roles/firebase.managementServiceAgent","members":["serviceAccount:service-1054327025113@gcp-sa-firebase.iam.gserviceaccount.com"]},{"role":"roles/firebase.sdkAdminServiceAgent","members":["serviceAccount:firebase-adminsdk-fbsvc@full-techno-channels.iam.gserviceaccount.com","serviceAccount:firebase-app-hosting-compute@full-techno-channels.iam.gserviceaccount.com"]},{"role":"roles/firebaseapphosting.computeRunner","members":["serviceAccount:firebase-app-hosting-compute@full-techno-channels.iam.gserviceaccount.com"]},{"role":"roles/iam.serviceAccountTokenCreator","members":["serviceAccount:firebase-adminsdk-fbsvc@full-techno-channels.iam.gserviceaccount.com"]},{"role":"roles/owner","members":["user:fulltecnocol@gmail.com"]},{"role":"roles/run.serviceAgent","members":["serviceAccount:service-1054327025113@serverless-robot-prod.iam.gserviceaccount.com"]},{"role":"roles/storage.objectViewer","members":["serviceAccount:firebase-app-hosting-compute@full-techno-channels.iam.gserviceaccount.com"]}]}
[info] i  To create a new GitHub connection, Secret Manager Admin role (roles/secretmanager.admin) is required on the Developer Connect Service Agent. 
[debug] [2026-02-10T19:24:45.049Z] Checked if tokens are valid: true, expires at: 1770754391956
[debug] [2026-02-10T19:24:45.049Z] Checked if tokens are valid: true, expires at: 1770754391956
[debug] [2026-02-10T19:24:45.049Z] >>> [apiv2][query] POST https://cloudresourcemanager.googleapis.com/v1/projects/full-techno-channels:getIamPolicy [none]
[debug] [2026-02-10T19:24:45.359Z] <<< [apiv2][status] POST https://cloudresourcemanager.googleapis.com/v1/projects/full-techno-channels:getIamPolicy 200
[debug] [2026-02-10T19:24:45.360Z] <<< [apiv2][body] POST https://cloudresourcemanager.googleapis.com/v1/projects/full-techno-channels:getIamPolicy {"version":1,"etag":"BwZKfS7McCs=","bindings":[{"role":"roles/cloudbuild.builds.builder","members":["serviceAccount:1054327025113@cloudbuild.gserviceaccount.com"]},{"role":"roles/cloudbuild.serviceAgent","members":["serviceAccount:service-1054327025113@gcp-sa-cloudbuild.iam.gserviceaccount.com"]},{"role":"roles/containerregistry.ServiceAgent","members":["serviceAccount:service-1054327025113@containerregistry.iam.gserviceaccount.com"]},{"role":"roles/developerconnect.readTokenAccessor","members":["serviceAccount:firebase-app-hosting-compute@full-techno-channels.iam.gserviceaccount.com"]},{"role":"roles/editor","members":["serviceAccount:1054327025113-compute@developer.gserviceaccount.com"]},{"role":"roles/firebase.managementServiceAgent","members":["serviceAccount:service-1054327025113@gcp-sa-firebase.iam.gserviceaccount.com"]},{"role":"roles/firebase.sdkAdminServiceAgent","members":["serviceAccount:firebase-adminsdk-fbsvc@full-techno-channels.iam.gserviceaccount.com","serviceAccount:firebase-app-hosting-compute@full-techno-channels.iam.gserviceaccount.com"]},{"role":"roles/firebaseapphosting.computeRunner","members":["serviceAccount:firebase-app-hosting-compute@full-techno-channels.iam.gserviceaccount.com"]},{"role":"roles/iam.serviceAccountTokenCreator","members":["serviceAccount:firebase-adminsdk-fbsvc@full-techno-channels.iam.gserviceaccount.com"]},{"role":"roles/owner","members":["user:fulltecnocol@gmail.com"]},{"role":"roles/run.serviceAgent","members":["serviceAccount:service-1054327025113@serverless-robot-prod.iam.gserviceaccount.com"]},{"role":"roles/storage.objectViewer","members":["serviceAccount:firebase-app-hosting-compute@full-techno-channels.iam.gserviceaccount.com"]}]}
[debug] [2026-02-10T19:24:45.360Z] Checked if tokens are valid: true, expires at: 1770754391956
[debug] [2026-02-10T19:24:45.360Z] Checked if tokens are valid: true, expires at: 1770754391956
[debug] [2026-02-10T19:24:45.360Z] >>> [apiv2][query] POST https://cloudresourcemanager.googleapis.com/v1/projects/full-techno-channels:setIamPolicy [none]
[debug] [2026-02-10T19:24:45.360Z] >>> [apiv2][body] POST https://cloudresourcemanager.googleapis.com/v1/projects/full-techno-channels:setIamPolicy {"policy":{"version":1,"etag":"BwZKfS7McCs=","bindings":[{"role":"roles/cloudbuild.builds.builder","members":["serviceAccount:1054327025113@cloudbuild.gserviceaccount.com"]},{"role":"roles/cloudbuild.serviceAgent","members":["serviceAccount:service-1054327025113@gcp-sa-cloudbuild.iam.gserviceaccount.com"]},{"role":"roles/containerregistry.ServiceAgent","members":["serviceAccount:service-1054327025113@containerregistry.iam.gserviceaccount.com"]},{"role":"roles/developerconnect.readTokenAccessor","members":["serviceAccount:firebase-app-hosting-compute@full-techno-channels.iam.gserviceaccount.com"]},{"role":"roles/editor","members":["serviceAccount:1054327025113-compute@developer.gserviceaccount.com"]},{"role":"roles/firebase.managementServiceAgent","members":["serviceAccount:service-1054327025113@gcp-sa-firebase.iam.gserviceaccount.com"]},{"role":"roles/firebase.sdkAdminServiceAgent","members":["serviceAccount:firebase-adminsdk-fbsvc@full-techno-channels.iam.gserviceaccount.com","serviceAccount:firebase-app-hosting-compute@full-techno-channels.iam.gserviceaccount.com"]},{"role":"roles/firebaseapphosting.computeRunner","members":["serviceAccount:firebase-app-hosting-compute@full-techno-channels.iam.gserviceaccount.com"]},{"role":"roles/iam.serviceAccountTokenCreator","members":["serviceAccount:firebase-adminsdk-fbsvc@full-techno-channels.iam.gserviceaccount.com"]},{"role":"roles/owner","members":["user:fulltecnocol@gmail.com"]},{"role":"roles/run.serviceAgent","members":["serviceAccount:service-1054327025113@serverless-robot-prod.iam.gserviceaccount.com"]},{"role":"roles/storage.objectViewer","members":["serviceAccount:firebase-app-hosting-compute@full-techno-channels.iam.gserviceaccount.com"]},{"role":"roles/secretmanager.admin","members":["serviceAccount:service-1054327025113@gcp-sa-devconnect.iam.gserviceaccount.com"]}]},"updateMask":"bindings"}
[debug] [2026-02-10T19:24:45.968Z] <<< [apiv2][status] POST https://cloudresourcemanager.googleapis.com/v1/projects/full-techno-channels:setIamPolicy 400
[debug] [2026-02-10T19:24:45.968Z] <<< [apiv2][body] POST https://cloudresourcemanager.googleapis.com/v1/projects/full-techno-channels:setIamPolicy {"error":{"code":400,"message":"Service account service-1054327025113@gcp-sa-devconnect.iam.gserviceaccount.com does not exist.","status":"INVALID_ARGUMENT"}}
[info] i  apphosting: generating the service identity for developerconnect.googleapis.com... 
[debug] [2026-02-10T19:24:45.970Z] Checked if tokens are valid: true, expires at: 1770754391956
[debug] [2026-02-10T19:24:45.970Z] Checked if tokens are valid: true, expires at: 1770754391956
[debug] [2026-02-10T19:24:45.970Z] >>> [apiv2][query] POST https://serviceusage.googleapis.com/v1beta1/projects/1054327025113/services/developerconnect.googleapis.com:generateServiceIdentity [none]
[debug] [2026-02-10T19:24:45.970Z] >>> [apiv2][(partial)header] POST https://serviceusage.googleapis.com/v1beta1/projects/1054327025113/services/developerconnect.googleapis.com:generateServiceIdentity  x-goog-user-project=1054327025113
[debug] [2026-02-10T19:24:45.970Z] >>> [apiv2][body] POST https://serviceusage.googleapis.com/v1beta1/projects/1054327025113/services/developerconnect.googleapis.com:generateServiceIdentity {}
[debug] [2026-02-10T19:24:46.724Z] <<< [apiv2][status] POST https://serviceusage.googleapis.com/v1beta1/projects/1054327025113/services/developerconnect.googleapis.com:generateServiceIdentity 200
[debug] [2026-02-10T19:24:46.724Z] <<< [apiv2][body] POST https://serviceusage.googleapis.com/v1beta1/projects/1054327025113/services/developerconnect.googleapis.com:generateServiceIdentity {"name":"operations/finished.DONE_OPERATION","done":true,"response":{"@type":"type.googleapis.com/google.api.serviceusage.v1beta1.ServiceIdentity","email":"service-1054327025113@gcp-sa-devconnect.iam.gserviceaccount.com","uniqueId":"109081449843166572212"}}
[debug] [2026-02-10T19:24:46.725Z] Checked if tokens are valid: true, expires at: 1770754391956
[debug] [2026-02-10T19:24:46.725Z] Checked if tokens are valid: true, expires at: 1770754391956
[debug] [2026-02-10T19:24:46.725Z] >>> [apiv2][query] POST https://cloudresourcemanager.googleapis.com/v1/projects/full-techno-channels:getIamPolicy [none]
[debug] [2026-02-10T19:24:46.940Z] <<< [apiv2][status] POST https://cloudresourcemanager.googleapis.com/v1/projects/full-techno-channels:getIamPolicy 200
[debug] [2026-02-10T19:24:46.940Z] <<< [apiv2][body] POST https://cloudresourcemanager.googleapis.com/v1/projects/full-techno-channels:getIamPolicy {"version":1,"etag":"BwZKfS7McCs=","bindings":[{"role":"roles/cloudbuild.builds.builder","members":["serviceAccount:1054327025113@cloudbuild.gserviceaccount.com"]},{"role":"roles/cloudbuild.serviceAgent","members":["serviceAccount:service-1054327025113@gcp-sa-cloudbuild.iam.gserviceaccount.com"]},{"role":"roles/containerregistry.ServiceAgent","members":["serviceAccount:service-1054327025113@containerregistry.iam.gserviceaccount.com"]},{"role":"roles/developerconnect.readTokenAccessor","members":["serviceAccount:firebase-app-hosting-compute@full-techno-channels.iam.gserviceaccount.com"]},{"role":"roles/editor","members":["serviceAccount:1054327025113-compute@developer.gserviceaccount.com"]},{"role":"roles/firebase.managementServiceAgent","members":["serviceAccount:service-1054327025113@gcp-sa-firebase.iam.gserviceaccount.com"]},{"role":"roles/firebase.sdkAdminServiceAgent","members":["serviceAccount:firebase-adminsdk-fbsvc@full-techno-channels.iam.gserviceaccount.com","serviceAccount:firebase-app-hosting-compute@full-techno-channels.iam.gserviceaccount.com"]},{"role":"roles/firebaseapphosting.computeRunner","members":["serviceAccount:firebase-app-hosting-compute@full-techno-channels.iam.gserviceaccount.com"]},{"role":"roles/iam.serviceAccountTokenCreator","members":["serviceAccount:firebase-adminsdk-fbsvc@full-techno-channels.iam.gserviceaccount.com"]},{"role":"roles/owner","members":["user:fulltecnocol@gmail.com"]},{"role":"roles/run.serviceAgent","members":["serviceAccount:service-1054327025113@serverless-robot-prod.iam.gserviceaccount.com"]},{"role":"roles/storage.objectViewer","members":["serviceAccount:firebase-app-hosting-compute@full-techno-channels.iam.gserviceaccount.com"]}]}
[debug] [2026-02-10T19:24:46.940Z] Checked if tokens are valid: true, expires at: 1770754391956
[debug] [2026-02-10T19:24:46.940Z] Checked if tokens are valid: true, expires at: 1770754391956
[debug] [2026-02-10T19:24:46.941Z] >>> [apiv2][query] POST https://cloudresourcemanager.googleapis.com/v1/projects/full-techno-channels:setIamPolicy [none]
[debug] [2026-02-10T19:24:46.941Z] >>> [apiv2][body] POST https://cloudresourcemanager.googleapis.com/v1/projects/full-techno-channels:setIamPolicy {"policy":{"version":1,"etag":"BwZKfS7McCs=","bindings":[{"role":"roles/cloudbuild.builds.builder","members":["serviceAccount:1054327025113@cloudbuild.gserviceaccount.com"]},{"role":"roles/cloudbuild.serviceAgent","members":["serviceAccount:service-1054327025113@gcp-sa-cloudbuild.iam.gserviceaccount.com"]},{"role":"roles/containerregistry.ServiceAgent","members":["serviceAccount:service-1054327025113@containerregistry.iam.gserviceaccount.com"]},{"role":"roles/developerconnect.readTokenAccessor","members":["serviceAccount:firebase-app-hosting-compute@full-techno-channels.iam.gserviceaccount.com"]},{"role":"roles/editor","members":["serviceAccount:1054327025113-compute@developer.gserviceaccount.com"]},{"role":"roles/firebase.managementServiceAgent","members":["serviceAccount:service-1054327025113@gcp-sa-firebase.iam.gserviceaccount.com"]},{"role":"roles/firebase.sdkAdminServiceAgent","members":["serviceAccount:firebase-adminsdk-fbsvc@full-techno-channels.iam.gserviceaccount.com","serviceAccount:firebase-app-hosting-compute@full-techno-channels.iam.gserviceaccount.com"]},{"role":"roles/firebaseapphosting.computeRunner","members":["serviceAccount:firebase-app-hosting-compute@full-techno-channels.iam.gserviceaccount.com"]},{"role":"roles/iam.serviceAccountTokenCreator","members":["serviceAccount:firebase-adminsdk-fbsvc@full-techno-channels.iam.gserviceaccount.com"]},{"role":"roles/owner","members":["user:fulltecnocol@gmail.com"]},{"role":"roles/run.serviceAgent","members":["serviceAccount:service-1054327025113@serverless-robot-prod.iam.gserviceaccount.com"]},{"role":"roles/storage.objectViewer","members":["serviceAccount:firebase-app-hosting-compute@full-techno-channels.iam.gserviceaccount.com"]},{"role":"roles/secretmanager.admin","members":["serviceAccount:service-1054327025113@gcp-sa-devconnect.iam.gserviceaccount.com"]}]},"updateMask":"bindings"}
[debug] [2026-02-10T19:24:47.732Z] <<< [apiv2][status] POST https://cloudresourcemanager.googleapis.com/v1/projects/full-techno-channels:setIamPolicy 200
[debug] [2026-02-10T19:24:47.732Z] <<< [apiv2][body] POST https://cloudresourcemanager.googleapis.com/v1/projects/full-techno-channels:setIamPolicy {"version":1,"etag":"BwZKfTVo2B4=","bindings":[{"role":"roles/cloudbuild.builds.builder","members":["serviceAccount:1054327025113@cloudbuild.gserviceaccount.com"]},{"role":"roles/cloudbuild.serviceAgent","members":["serviceAccount:service-1054327025113@gcp-sa-cloudbuild.iam.gserviceaccount.com"]},{"role":"roles/containerregistry.ServiceAgent","members":["serviceAccount:service-1054327025113@containerregistry.iam.gserviceaccount.com"]},{"role":"roles/developerconnect.readTokenAccessor","members":["serviceAccount:firebase-app-hosting-compute@full-techno-channels.iam.gserviceaccount.com"]},{"role":"roles/editor","members":["serviceAccount:1054327025113-compute@developer.gserviceaccount.com"]},{"role":"roles/firebase.managementServiceAgent","members":["serviceAccount:service-1054327025113@gcp-sa-firebase.iam.gserviceaccount.com"]},{"role":"roles/firebase.sdkAdminServiceAgent","members":["serviceAccount:firebase-adminsdk-fbsvc@full-techno-channels.iam.gserviceaccount.com","serviceAccount:firebase-app-hosting-compute@full-techno-channels.iam.gserviceaccount.com"]},{"role":"roles/firebaseapphosting.computeRunner","members":["serviceAccount:firebase-app-hosting-compute@full-techno-channels.iam.gserviceaccount.com"]},{"role":"roles/iam.serviceAccountTokenCreator","members":["serviceAccount:firebase-adminsdk-fbsvc@full-techno-channels.iam.gserviceaccount.com"]},{"role":"roles/owner","members":["user:fulltecnocol@gmail.com"]},{"role":"roles/run.serviceAgent","members":["serviceAccount:service-1054327025113@serverless-robot-prod.iam.gserviceaccount.com"]},{"role":"roles/secretmanager.admin","members":["serviceAccount:service-1054327025113@gcp-sa-devconnect.iam.gserviceaccount.com"]},{"role":"roles/storage.objectViewer","members":["serviceAccount:firebase-app-hosting-compute@full-techno-channels.iam.gserviceaccount.com"]}]}
[info] ✔  Successfully granted the required role to the Developer Connect Service Agent!
 
[debug] [2026-02-10T19:24:47.733Z] Checked if tokens are valid: true, expires at: 1770754391956
[debug] [2026-02-10T19:24:47.733Z] Checked if tokens are valid: true, expires at: 1770754391956
[debug] [2026-02-10T19:24:47.733Z] >>> [apiv2][query] POST https://developerconnect.googleapis.com/v1/projects/full-techno-channels/locations/us-central1/connections connectionId=apphosting-github-conn-d3no2rm
[debug] [2026-02-10T19:24:47.733Z] >>> [apiv2][body] POST https://developerconnect.googleapis.com/v1/projects/full-techno-channels/locations/us-central1/connections {"githubConfig":{"githubApp":"FIREBASE"}}
[debug] [2026-02-10T19:24:48.954Z] <<< [apiv2][status] POST https://developerconnect.googleapis.com/v1/projects/full-techno-channels/locations/us-central1/connections 200
[debug] [2026-02-10T19:24:48.954Z] <<< [apiv2][body] POST https://developerconnect.googleapis.com/v1/projects/full-techno-channels/locations/us-central1/connections {"name":"projects/full-techno-channels/locations/us-central1/operations/operation-1770751488049-64a7d356e4044-d2431f98-ff71d727","metadata":{"@type":"type.googleapis.com/google.cloud.developerconnect.v1.OperationMetadata","createTime":"2026-02-10T19:24:48.916492945Z","target":"projects/full-techno-channels/locations/us-central1/connections/apphosting-github-conn-d3no2rm","verb":"create","requestedCancellation":false,"apiVersion":"v1"},"done":false}
[debug] [2026-02-10T19:24:48.956Z] Checked if tokens are valid: true, expires at: 1770754391956
[debug] [2026-02-10T19:24:48.956Z] Checked if tokens are valid: true, expires at: 1770754391956
[debug] [2026-02-10T19:24:48.956Z] >>> [apiv2][query] GET https://developerconnect.googleapis.com/v1/projects/full-techno-channels/locations/us-central1/operations/operation-1770751488049-64a7d356e4044-d2431f98-ff71d727 [none]
[debug] [2026-02-10T19:24:49.056Z] <<< [apiv2][status] GET https://developerconnect.googleapis.com/v1/projects/full-techno-channels/locations/us-central1/operations/operation-1770751488049-64a7d356e4044-d2431f98-ff71d727 200
[debug] [2026-02-10T19:24:49.056Z] <<< [apiv2][body] GET https://developerconnect.googleapis.com/v1/projects/full-techno-channels/locations/us-central1/operations/operation-1770751488049-64a7d356e4044-d2431f98-ff71d727 {"name":"projects/full-techno-channels/locations/us-central1/operations/operation-1770751488049-64a7d356e4044-d2431f98-ff71d727","metadata":{"@type":"type.googleapis.com/google.cloud.developerconnect.v1.OperationMetadata","createTime":"2026-02-10T19:24:48.916492945Z","endTime":"2026-02-10T19:24:48.959568171Z","target":"projects/full-techno-channels/locations/us-central1/connections/apphosting-github-conn-d3no2rm","verb":"create","requestedCancellation":false,"apiVersion":"v1"},"done":true,"response":{"@type":"type.googleapis.com/google.cloud.developerconnect.v1.Connection","name":"projects/full-techno-channels/locations/us-central1/connections/apphosting-github-conn-d3no2rm","createTime":"2026-02-10T19:24:48.909516310Z","updateTime":"2026-02-10T19:24:48.909516310Z","githubConfig":{"githubApp":"FIREBASE"},"installationState":{"stage":"PENDING_USER_OAUTH","message":"Please log in to https://github.com using a robot account and then follow this link to authorize Developer Connect to access that account. After authorization, your GitHub authorization token will be stored in Cloud Secret Manager.","actionUri":"https://accounts.google.com/AccountChooser?continue=https%3A%2F%2Fconsole.cloud.google.com%2Fdeveloper-connect%2Ffinish-setup%3Fstate%3D%257B%2522connection%2522%253A%2B%2522projects%252Ffull-techno-channels%252Flocations%252Fus-central1%252Fconnections%252Fapphosting-github-conn-d3no2rm%2522%257D"},"uid":"61712e0d-9775-4635-8ed2-264796cb548b"}}
[info] i  Please authorize the Firebase GitHub app by visiting this url: 
[info] i  	http://localhost:9005 
[debug] [2026-02-10T19:28:25.162Z] Checked if tokens are valid: true, expires at: 1770754391956
[debug] [2026-02-10T19:28:25.163Z] Checked if tokens are valid: true, expires at: 1770754391956
[debug] [2026-02-10T19:28:25.163Z] >>> [apiv2][query] GET https://developerconnect.googleapis.com/v1/projects/full-techno-channels/locations/us-central1/connections/apphosting-github-conn-d3no2rm [none]
[debug] [2026-02-10T19:28:25.480Z] <<< [apiv2][status] GET https://developerconnect.googleapis.com/v1/projects/full-techno-channels/locations/us-central1/connections/apphosting-github-conn-d3no2rm 200
[debug] [2026-02-10T19:28:25.480Z] <<< [apiv2][body] GET https://developerconnect.googleapis.com/v1/projects/full-techno-channels/locations/us-central1/connections/apphosting-github-conn-d3no2rm {"name":"projects/full-techno-channels/locations/us-central1/connections/apphosting-github-conn-d3no2rm","createTime":"2026-02-10T19:24:48.909516310Z","updateTime":"2026-02-10T19:27:48.154657811Z","githubConfig":{"githubApp":"FIREBASE","authorizerCredential":{"oauthTokenSecretVersion":"projects/full-techno-channels/secrets/apphosting-github-conn-d3no2rm-github-oauthtoken-e4fc04/versions/latest","username":"fulltecnocol"},"appInstallationId":"109294584","installationUri":"https://github.com/settings/installations/109294584"},"installationState":{"stage":"COMPLETE"},"uid":"61712e0d-9775-4635-8ed2-264796cb548b"}
[info] ✔  Connected with GitHub successfully
 
[debug] [2026-02-10T19:28:25.481Z] Checked if tokens are valid: true, expires at: 1770754391956
[debug] [2026-02-10T19:28:25.481Z] Checked if tokens are valid: true, expires at: 1770754391956
[debug] [2026-02-10T19:28:25.482Z] >>> [apiv2][query] GET https://developerconnect.googleapis.com/v1/projects/full-techno-channels/locations/us-central1/connections/apphosting-github-conn-d3no2rm:fetchGitHubInstallations [none]
[debug] [2026-02-10T19:28:25.778Z] <<< [apiv2][status] GET https://developerconnect.googleapis.com/v1/projects/full-techno-channels/locations/us-central1/connections/apphosting-github-conn-d3no2rm:fetchGitHubInstallations 200
[debug] [2026-02-10T19:28:25.778Z] <<< [apiv2][body] GET https://developerconnect.googleapis.com/v1/projects/full-techno-channels/locations/us-central1/connections/apphosting-github-conn-d3no2rm:fetchGitHubInstallations {"installations":[{"id":"109294584","name":"fulltecnocol","type":"user"}]}
[debug] [2026-02-10T19:28:33.545Z] Checked if tokens are valid: true, expires at: 1770754391956
[debug] [2026-02-10T19:28:33.545Z] Checked if tokens are valid: true, expires at: 1770754391956
[debug] [2026-02-10T19:28:33.545Z] >>> [apiv2][query] GET https://developerconnect.googleapis.com/v1/projects/full-techno-channels/locations/us-central1/connections pageSize=1000&pageToken=
[debug] [2026-02-10T19:28:33.851Z] <<< [apiv2][status] GET https://developerconnect.googleapis.com/v1/projects/full-techno-channels/locations/us-central1/connections 200
[debug] [2026-02-10T19:28:33.852Z] <<< [apiv2][body] GET https://developerconnect.googleapis.com/v1/projects/full-techno-channels/locations/us-central1/connections {"connections":[{"name":"projects/full-techno-channels/locations/us-central1/connections/apphosting-github-conn-d3no2rm","createTime":"2026-02-10T19:24:48.909516310Z","updateTime":"2026-02-10T19:27:48.154657811Z","githubConfig":{"githubApp":"FIREBASE","authorizerCredential":{"oauthTokenSecretVersion":"projects/full-techno-channels/secrets/apphosting-github-conn-d3no2rm-github-oauthtoken-e4fc04/versions/latest","username":"fulltecnocol"},"appInstallationId":"109294584","installationUri":"https://github.com/settings/installations/109294584"},"installationState":{"stage":"COMPLETE"},"uid":"61712e0d-9775-4635-8ed2-264796cb548b"}]}
[info] i  Reusing matching connection apphosting-github-conn-d3no2rm 
[debug] [2026-02-10T19:28:33.853Z] Checked if tokens are valid: true, expires at: 1770754391956
[debug] [2026-02-10T19:28:33.853Z] Checked if tokens are valid: true, expires at: 1770754391956
[debug] [2026-02-10T19:28:33.853Z] >>> [apiv2][query] GET https://developerconnect.googleapis.com/v1/projects/full-techno-channels/locations/us-central1/connections/apphosting-github-conn-d3no2rm:fetchLinkableGitRepositories pageSize=1000&pageToken=
[debug] [2026-02-10T19:28:34.265Z] <<< [apiv2][status] GET https://developerconnect.googleapis.com/v1/projects/full-techno-channels/locations/us-central1/connections/apphosting-github-conn-d3no2rm:fetchLinkableGitRepositories 200
[debug] [2026-02-10T19:28:34.266Z] <<< [apiv2][body] GET https://developerconnect.googleapis.com/v1/projects/full-techno-channels/locations/us-central1/connections/apphosting-github-conn-d3no2rm:fetchLinkableGitRepositories {"linkableGitRepositories":[{"cloneUri":"https://github.com/fulltecnocol/FullTechnoChannels.git"}]}
[debug] [2026-02-10T19:28:36.833Z] Checked if tokens are valid: true, expires at: 1770754391956
[debug] [2026-02-10T19:28:36.833Z] Checked if tokens are valid: true, expires at: 1770754391956
[debug] [2026-02-10T19:28:36.833Z] >>> [apiv2][query] GET https://developerconnect.googleapis.com/v1/projects/full-techno-channels/locations/us-central1/connections/apphosting-github-conn-d3no2rm [none]
[debug] [2026-02-10T19:28:36.906Z] <<< [apiv2][status] GET https://developerconnect.googleapis.com/v1/projects/full-techno-channels/locations/us-central1/connections/apphosting-github-conn-d3no2rm 200
[debug] [2026-02-10T19:28:36.906Z] <<< [apiv2][body] GET https://developerconnect.googleapis.com/v1/projects/full-techno-channels/locations/us-central1/connections/apphosting-github-conn-d3no2rm {"name":"projects/full-techno-channels/locations/us-central1/connections/apphosting-github-conn-d3no2rm","createTime":"2026-02-10T19:24:48.909516310Z","updateTime":"2026-02-10T19:27:48.154657811Z","githubConfig":{"githubApp":"FIREBASE","authorizerCredential":{"oauthTokenSecretVersion":"projects/full-techno-channels/secrets/apphosting-github-conn-d3no2rm-github-oauthtoken-e4fc04/versions/latest","username":"fulltecnocol"},"appInstallationId":"109294584","installationUri":"https://github.com/settings/installations/109294584"},"installationState":{"stage":"COMPLETE"},"uid":"61712e0d-9775-4635-8ed2-264796cb548b"}
[debug] [2026-02-10T19:28:36.907Z] Checked if tokens are valid: true, expires at: 1770754391956
[debug] [2026-02-10T19:28:36.907Z] Checked if tokens are valid: true, expires at: 1770754391956
[debug] [2026-02-10T19:28:36.907Z] >>> [apiv2][query] GET https://developerconnect.googleapis.com/v1/projects/full-techno-channels/locations/us-central1/connections/apphosting-github-conn-d3no2rm/gitRepositoryLinks/fulltecnocol-FullTechnoChannels [none]
[debug] [2026-02-10T19:28:36.999Z] <<< [apiv2][status] GET https://developerconnect.googleapis.com/v1/projects/full-techno-channels/locations/us-central1/connections/apphosting-github-conn-d3no2rm/gitRepositoryLinks/fulltecnocol-FullTechnoChannels 404
[debug] [2026-02-10T19:28:37.000Z] <<< [apiv2][body] GET https://developerconnect.googleapis.com/v1/projects/full-techno-channels/locations/us-central1/connections/apphosting-github-conn-d3no2rm/gitRepositoryLinks/fulltecnocol-FullTechnoChannels {"error":{"code":404,"message":"Resource 'projects/full-techno-channels/locations/us-central1/connections/apphosting-github-conn-d3no2rm/gitRepositoryLinks/fulltecnocol-FullTechnoChannels' was not found","status":"NOT_FOUND","details":[{"@type":"type.googleapis.com/google.rpc.ResourceInfo","resourceName":"projects/full-techno-channels/locations/us-central1/connections/apphosting-github-conn-d3no2rm/gitRepositoryLinks/fulltecnocol-FullTechnoChannels"}]}}
[debug] [2026-02-10T19:28:37.000Z] Checked if tokens are valid: true, expires at: 1770754391956
[debug] [2026-02-10T19:28:37.000Z] Checked if tokens are valid: true, expires at: 1770754391956
[debug] [2026-02-10T19:28:37.001Z] >>> [apiv2][query] POST https://developerconnect.googleapis.com/v1/projects/full-techno-channels/locations/us-central1/connections/apphosting-github-conn-d3no2rm/gitRepositoryLinks gitRepositoryLinkId=fulltecnocol-FullTechnoChannels
[debug] [2026-02-10T19:28:37.001Z] >>> [apiv2][body] POST https://developerconnect.googleapis.com/v1/projects/full-techno-channels/locations/us-central1/connections/apphosting-github-conn-d3no2rm/gitRepositoryLinks {"cloneUri":"https://github.com/fulltecnocol/FullTechnoChannels.git"}
[debug] [2026-02-10T19:28:37.156Z] <<< [apiv2][status] POST https://developerconnect.googleapis.com/v1/projects/full-techno-channels/locations/us-central1/connections/apphosting-github-conn-d3no2rm/gitRepositoryLinks 200
[debug] [2026-02-10T19:28:37.156Z] <<< [apiv2][body] POST https://developerconnect.googleapis.com/v1/projects/full-techno-channels/locations/us-central1/connections/apphosting-github-conn-d3no2rm/gitRepositoryLinks {"name":"projects/full-techno-channels/locations/us-central1/operations/operation-1770751717105-64a7d43156012-5e50bcbe-6f6208f9","metadata":{"@type":"type.googleapis.com/google.cloud.developerconnect.v1.OperationMetadata","createTime":"2026-02-10T19:28:37.128755287Z","target":"projects/full-techno-channels/locations/us-central1/connections/apphosting-github-conn-d3no2rm/gitRepositoryLinks/fulltecnocol-FullTechnoChannels","verb":"create","requestedCancellation":false,"apiVersion":"v1"},"done":false}
[debug] [2026-02-10T19:28:37.157Z] Checked if tokens are valid: true, expires at: 1770754391956
[debug] [2026-02-10T19:28:37.157Z] Checked if tokens are valid: true, expires at: 1770754391956
[debug] [2026-02-10T19:28:37.157Z] >>> [apiv2][query] GET https://developerconnect.googleapis.com/v1/projects/full-techno-channels/locations/us-central1/operations/operation-1770751717105-64a7d43156012-5e50bcbe-6f6208f9 [none]
[debug] [2026-02-10T19:28:37.249Z] <<< [apiv2][status] GET https://developerconnect.googleapis.com/v1/projects/full-techno-channels/locations/us-central1/operations/operation-1770751717105-64a7d43156012-5e50bcbe-6f6208f9 200
[debug] [2026-02-10T19:28:37.249Z] <<< [apiv2][body] GET https://developerconnect.googleapis.com/v1/projects/full-techno-channels/locations/us-central1/operations/operation-1770751717105-64a7d43156012-5e50bcbe-6f6208f9 {"name":"projects/full-techno-channels/locations/us-central1/operations/operation-1770751717105-64a7d43156012-5e50bcbe-6f6208f9","metadata":{"@type":"type.googleapis.com/google.cloud.developerconnect.v1.OperationMetadata","createTime":"2026-02-10T19:28:37.128755287Z","target":"projects/full-techno-channels/locations/us-central1/connections/apphosting-github-conn-d3no2rm/gitRepositoryLinks/fulltecnocol-FullTechnoChannels","verb":"create","requestedCancellation":false,"apiVersion":"v1"},"done":false}
[debug] [2026-02-10T19:28:37.750Z] [create-us-central1-apphosting-github-conn-d3no2rm-fulltecnocol-FullTechnoChannels] Retrying task index 0
[debug] [2026-02-10T19:28:37.751Z] Checked if tokens are valid: true, expires at: 1770754391956
[debug] [2026-02-10T19:28:37.751Z] Checked if tokens are valid: true, expires at: 1770754391956
[debug] [2026-02-10T19:28:37.751Z] >>> [apiv2][query] GET https://developerconnect.googleapis.com/v1/projects/full-techno-channels/locations/us-central1/operations/operation-1770751717105-64a7d43156012-5e50bcbe-6f6208f9 [none]
[debug] [2026-02-10T19:28:37.832Z] <<< [apiv2][status] GET https://developerconnect.googleapis.com/v1/projects/full-techno-channels/locations/us-central1/operations/operation-1770751717105-64a7d43156012-5e50bcbe-6f6208f9 200
[debug] [2026-02-10T19:28:37.833Z] <<< [apiv2][body] GET https://developerconnect.googleapis.com/v1/projects/full-techno-channels/locations/us-central1/operations/operation-1770751717105-64a7d43156012-5e50bcbe-6f6208f9 {"name":"projects/full-techno-channels/locations/us-central1/operations/operation-1770751717105-64a7d43156012-5e50bcbe-6f6208f9","metadata":{"@type":"type.googleapis.com/google.cloud.developerconnect.v1.OperationMetadata","createTime":"2026-02-10T19:28:37.128755287Z","endTime":"2026-02-10T19:28:37.600652470Z","target":"projects/full-techno-channels/locations/us-central1/connections/apphosting-github-conn-d3no2rm/gitRepositoryLinks/fulltecnocol-FullTechnoChannels","verb":"create","requestedCancellation":false,"apiVersion":"v1"},"done":true,"response":{"@type":"type.googleapis.com/google.cloud.developerconnect.v1.GitRepositoryLink","name":"projects/full-techno-channels/locations/us-central1/connections/apphosting-github-conn-d3no2rm/gitRepositoryLinks/fulltecnocol-FullTechnoChannels","cloneUri":"https://github.com/fulltecnocol/FullTechnoChannels.git","createTime":"2026-02-10T19:28:37.119385299Z","updateTime":"2026-02-10T19:28:37.119385299Z"}}
[debug] [2026-02-10T19:28:37.833Z] Checked if tokens are valid: true, expires at: 1770754391956
[debug] [2026-02-10T19:28:37.833Z] Checked if tokens are valid: true, expires at: 1770754391956
[debug] [2026-02-10T19:28:37.834Z] >>> [apiv2][query] GET https://developerconnect.googleapis.com/v1/projects/full-techno-channels/locations/us-central1/connections/apphosting-github-conn-d3no2rm/gitRepositoryLinks/fulltecnocol-FullTechnoChannels:fetchGitRefs refType=BRANCH&pageSize=1000&pageToken=
[debug] [2026-02-10T19:28:38.233Z] <<< [apiv2][status] GET https://developerconnect.googleapis.com/v1/projects/full-techno-channels/locations/us-central1/connections/apphosting-github-conn-d3no2rm/gitRepositoryLinks/fulltecnocol-FullTechnoChannels:fetchGitRefs 200
[debug] [2026-02-10T19:28:38.234Z] <<< [apiv2][body] GET https://developerconnect.googleapis.com/v1/projects/full-techno-channels/locations/us-central1/connections/apphosting-github-conn-d3no2rm/gitRepositoryLinks/fulltecnocol-FullTechnoChannels:fetchGitRefs {}
